        Network Specification
 =====================

Generated: Sun Sep 10 01:49:45 2017 for target machine '192.168.240.36'

*** Vertices:
Vertex readout_neurons, size: 159
Model: IFCurrExp
constraint: PartitionerMaximumSizeConstraint(size=1)

Vertex readout_neurons, size: 2
Model: IFCurrExp
constraint: PartitionerMaximumSizeConstraint(size=1)

Vertex injector0, size: 4
Model: SpikeInjector
constraint: PartitionerMaximumSizeConstraint(size=9223372036854775807)

Vertex injector1, size: 1
Model: SpikeInjector
constraint: PartitionerMaximumSizeConstraint(size=9223372036854775807)

Vertex LiveSpikeReceiver, size: 1
Model: LivePacketGather
constraint: PartitionerMaximumSizeConstraint(size=1)
constraint: PlacerRadialPlacementFromChipConstraint(x=0, y=0)

*** Edges:
Edge recorder_edge from vertex: 'readout_neurons' (2 atoms) to vertex: 'LiveSpikeReceiver' (1 atoms)
  Model: No Model

Edge Projection 1 from vertex: 'readout_neurons' (159 atoms) to vertex: 'readout_neurons' (2 atoms)
  Model: No Model

Edge Projection 0 from vertex: 'injector0' (4 atoms) to vertex: 'readout_neurons' (159 atoms)
  Model: No Model

