Router contains 17 entries
Index Key        Mask       Route      Default [Cores][Links]
----- ---------- ---------- ---------- ------- --------------
    0 0x0000001C 0xFFFFFFFF 0x00000008 False   [] [W]
    1 0x0000000F 0xFFFFFFFF 0x00000008 False   [] [W]
    2 0x00000018 0xFFFFFFFF 0x00000008 False   [] [W]
    3 0x00000017 0xFFFFFFFF 0x00000008 False   [] [W]
    4 0x0000001D 0xFFFFFFFF 0x00000008 False   [] [W]
    5 0x00000010 0xFFFFFFFF 0x00000008 False   [] [W]
    6 0x00000019 0xFFFFFFFF 0x00000008 False   [] [W]
    7 0x0000001E 0xFFFFFFFF 0x00000008 False   [] [W]
    8 0x00000011 0xFFFFFFFF 0x00000008 False   [] [W]
    9 0x0000001A 0xFFFFFFFF 0x00000008 False   [] [W]
   10 0x00000016 0xFFFFFFFF 0x00000008 False   [] [W]
   11 0x00000012 0xFFFFFFFF 0x00000008 False   [] [W]
   12 0x0000001B 0xFFFFFFFF 0x00000008 False   [] [W]
   13 0x00000015 0xFFFFFFFF 0x00000008 False   [] [W]
   14 0x00000040 0xFFFFFFFC 0x007FFF80 False   [1, 2, 3, 4, 5, 6, 7, 8, 9, 10, 11, 12, 13, 14, 15, 16] []
   15 0x00000013 0xFFFFFFFF 0x00000008 False   [] [W]
   16 0x00000014 0xFFFFFFFF 0x00000008 False   [] [W]
0 Defaultable entries
