        Placement Information by Vertex
        ===============================

Generated: Sun Sep 10 06:17:13 2017 for target machine '192.168.240.36'

**** Vertex: 'Excitatory_Cells'
Model: IFCurrExp
Pop size: 48
Machine Vertices: 
  Slice 0:47 (48 atoms) on core (0, 0, 3) 

**** Vertex: 'Inhibitory_Cells'
Model: IFCurrExp
Pop size: 11
Machine Vertices: 
  Slice 0:10 (11 atoms) on core (0, 0, 5) 

**** Vertex: 'LiveSpikeReceiver'
Model: LivePacketGather
Pop size: 1
Machine Vertices: 
  Slice 0:0 (1 atoms) on core (0, 0, 1) 

**** Vertex: 'injector0'
Model: SpikeInjector
Pop size: 4
Machine Vertices: 
  Slice 0:3 (4 atoms) on core (0, 0, 4) 

**** Vertex: 'injector1'
Model: SpikeInjector
Pop size: 1
Machine Vertices: 
  Slice 0:0 (1 atoms) on core (0, 0, 6) 

**** Vertex: 'readout_neurons'
Model: IFCurrExp
Pop size: 2
Machine Vertices: 
  Slice 0:1 (2 atoms) on core (0, 0, 2) 

