        Placement Information by Core
        =============================

Generated: Sun Sep 10 06:03:59 2017 for target machine '192.168.240.36'

**** Chip: (0, 0)
Application cores: 18
  Processor 1: Vertex: 'LiveSpikeReceiver', pop size: 1
              Slice on this core: 0:0 (1 atoms)
              Model: LivePacketGather


  Processor 2: Vertex: 'readout_neurons', pop size: 2
              Slice on this core: 0:1 (2 atoms)
              Model: IFCurrExp


  Processor 3: Vertex: 'LiveSpikeReceiver', pop size: 1
              Slice on this core: 0:0 (1 atoms)
              Model: LivePacketGather


  Processor 4: Vertex: 'readout_neurons', pop size: 2
              Slice on this core: 0:1 (2 atoms)
              Model: IFCurrExp


  Processor 5: Vertex: 'Excitatory_Cells', pop size: 48
              Slice on this core: 0:47 (48 atoms)
              Model: IzkCondExp


  Processor 6: Vertex: 'Inhibitory_Cells', pop size: 11
              Slice on this core: 0:10 (11 atoms)
              Model: IzkCondExp


  Processor 7: Vertex: 'injector0', pop size: 4
              Slice on this core: 0:3 (4 atoms)
              Model: SpikeInjector


  Processor 8: Vertex: 'injector1', pop size: 1
              Slice on this core: 0:0 (1 atoms)
              Model: SpikeInjector


  Processor 9: Vertex: 'Excitatory_Cells', pop size: 48
              Slice on this core: 0:47 (48 atoms)
              Model: IFCurrExp


  Processor 10: Vertex: 'Inhibitory_Cells', pop size: 11
              Slice on this core: 0:10 (11 atoms)
              Model: IFCurrExp


  Processor 11: Vertex: 'injector2', pop size: 4
              Slice on this core: 0:3 (4 atoms)
              Model: SpikeInjector


  Processor 12: Vertex: 'injector3', pop size: 1
              Slice on this core: 0:0 (1 atoms)
              Model: SpikeInjector


