Vertex: Excitatory_Cells:0:47 
edge:Excitatory_Cells:0:47:Excitatory_Cells:0:47, keys_and_masks:[KeyAndMask:0x40L:0xffffffc0] 
edge:Excitatory_Cells:0:47:Inhibitory_Cells:0:10, keys_and_masks:[KeyAndMask:0x40L:0xffffffc0] 
edge:Excitatory_Cells:0:47:readout_neurons:0:1, keys_and_masks:[KeyAndMask:0x40L:0xffffffc0] 


Vertex: readout_neurons:0:1 
edge:SimpleMachineEdge(pre_vertex=readout_neurons:0:1, post_vertex=LiveSpikeReceiver:0:0, traffic_type=EdgeTrafficType.MULTICAST, label=None, traffic_weight=1), keys_and_masks:[KeyAndMask:0x20L:0xfffffffe] 


Vertex: Excitatory_Cells:0:47 
edge:Excitatory_Cells:0:47:Excitatory_Cells:0:47, keys_and_masks:[KeyAndMask:0x80L:0xffffffc0] 
edge:Excitatory_Cells:0:47:Inhibitory_Cells:0:10, keys_and_masks:[KeyAndMask:0x80L:0xffffffc0] 
edge:Excitatory_Cells:0:47:readout_neurons:0:1, keys_and_masks:[KeyAndMask:0x80L:0xffffffc0] 


Vertex: <spinn_front_end_common.utility_models.reverse_ip_tag_multicast_source_machine_vertex.ReverseIPTagMulticastSourceMachineVertex object at 0x7f2ded34e350> 
edge:<spinn_front_end_common.utility_models.reverse_ip_tag_multicast_source_machine_vertex.ReverseIPTagMulticastSourceMachineVertex object at 0x7f2ded34e350>:Excitatory_Cells:0:47, keys_and_masks:[KeyAndMask:0x28L:0xfffffffc] 
edge:<spinn_front_end_common.utility_models.reverse_ip_tag_multicast_source_machine_vertex.ReverseIPTagMulticastSourceMachineVertex object at 0x7f2ded34e350>:Inhibitory_Cells:0:10, keys_and_masks:[KeyAndMask:0x28L:0xfffffffc] 


Vertex: readout_neurons:0:1 
edge:SimpleMachineEdge(pre_vertex=readout_neurons:0:1, post_vertex=LiveSpikeReceiver:0:0, traffic_type=EdgeTrafficType.MULTICAST, label=None, traffic_weight=1), keys_and_masks:[KeyAndMask:0x22L:0xfffffffe] 


Vertex: Inhibitory_Cells:0:10 
edge:Inhibitory_Cells:0:10:Excitatory_Cells:0:47, keys_and_masks:[KeyAndMask:0x10L:0xfffffff0] 
edge:Inhibitory_Cells:0:10:Inhibitory_Cells:0:10, keys_and_masks:[KeyAndMask:0x10L:0xfffffff0] 


Vertex: Inhibitory_Cells:0:10 
edge:Inhibitory_Cells:0:10:Excitatory_Cells:0:47, keys_and_masks:[KeyAndMask:0x0L:0xfffffff0] 
edge:Inhibitory_Cells:0:10:Inhibitory_Cells:0:10, keys_and_masks:[KeyAndMask:0x0L:0xfffffff0] 


Vertex: <spinn_front_end_common.utility_models.reverse_ip_tag_multicast_source_machine_vertex.ReverseIPTagMulticastSourceMachineVertex object at 0x7f2ded34e390> 
edge:<spinn_front_end_common.utility_models.reverse_ip_tag_multicast_source_machine_vertex.ReverseIPTagMulticastSourceMachineVertex object at 0x7f2ded34e390>:Excitatory_Cells:0:47, keys_and_masks:[KeyAndMask:0x24L:0xfffffffc] 
edge:<spinn_front_end_common.utility_models.reverse_ip_tag_multicast_source_machine_vertex.ReverseIPTagMulticastSourceMachineVertex object at 0x7f2ded34e390>:Inhibitory_Cells:0:10, keys_and_masks:[KeyAndMask:0x24L:0xfffffffc] 


