        Placement Information by Vertex
        ===============================

Generated: Fri Oct  6 18:47:08 2017 for target machine '192.168.240.36'

**** Vertex: 'Excitatory_Cells'
Model: <bound method IFCondExp.model_name of Excitatory_Cells with 400 atoms>
Pop size: 400
Sub-vertices: 
  Slice 0:49 (50 atoms) 
  Slice 50:99 (50 atoms) 
  Slice 100:149 (50 atoms) 
  Slice 150:199 (50 atoms) 
  Slice 200:249 (50 atoms) 
  Slice 250:299 (50 atoms) 
  Slice 300:349 (50 atoms) 
  Slice 350:399 (50 atoms) 

**** Vertex: 'Inhibitory_Cells'
Model: <bound method IFCondExp.model_name of Inhibitory_Cells with 100 atoms>
Pop size: 100
Sub-vertices: 
  Slice 0:49 (50 atoms) 
  Slice 50:99 (50 atoms) 

**** Vertex: 'expoisson'
Model: SpikeSourcePoisson
Pop size: 20
Sub-vertices: 
  Slice 0:19 (20 atoms) 

