Router contains 62 entries
Index Key        Mask       Route      Default [Cores][Links]
----- ---------- ---------- ---------- ------- --------------
    0 0x00000006 0xFFFFFFFF 0x00000300 False   [2, 3] []
    1 0x0000003C 0xFFFFFFFF 0x00000300 False   [2, 3] []
    2 0x00000015 0xFFFFFFFF 0x00000300 False   [2, 3] []
    3 0x0000002B 0xFFFFFFFF 0x00000300 False   [2, 3] []
    4 0x00000036 0xFFFFFFFF 0x00000300 False   [2, 3] []
    5 0x00000000 0xFFFFFFFF 0x00000080 False   [1] []
    6 0x00000033 0xFFFFFFFF 0x00000300 False   [2, 3] []
    7 0x00000030 0xFFFFFFFF 0x00000300 False   [2, 3] []
    8 0x00000008 0xFFFFFFFF 0x00000300 False   [2, 3] []
    9 0x0000001A 0xFFFFFFFF 0x00000300 False   [2, 3] []
   10 0x00000027 0xFFFFFFFF 0x00000300 False   [2, 3] []
   11 0x0000002D 0xFFFFFFFF 0x00000300 False   [2, 3] []
   12 0x00000040 0xFFFFFFFC 0x007FFC01 False   [4, 5, 6, 7, 8, 9, 10, 11, 12, 13, 14, 15, 16] [E]
   13 0x00000038 0xFFFFFFFF 0x00000300 False   [2, 3] []
   14 0x0000002A 0xFFFFFFFF 0x00000300 False   [2, 3] []
   15 0x0000001B 0xFFFFFFFF 0x00000300 False   [2, 3] []
   16 0x00000018 0xFFFFFFFF 0x00000300 False   [2, 3] []
   17 0x0000001C 0xFFFFFFFF 0x00000300 False   [2, 3] []
   18 0x0000002F 0xFFFFFFFF 0x00000300 False   [2, 3] []
   19 0x0000001D 0xFFFFFFFF 0x00000300 False   [2, 3] []
   20 0x0000000C 0xFFFFFFFF 0x00000300 False   [2, 3] []
   21 0x0000001E 0xFFFFFFFF 0x00000300 False   [2, 3] []
   22 0x0000003A 0xFFFFFFFF 0x00000300 False   [2, 3] []
   23 0x0000000D 0xFFFFFFFF 0x00000300 False   [2, 3] []
   24 0x00000013 0xFFFFFFFF 0x00000300 False   [2, 3] []
   25 0x0000001F 0xFFFFFFFF 0x00000300 False   [2, 3] []
   26 0x00000010 0xFFFFFFFF 0x00000300 False   [2, 3] []
   27 0x00000031 0xFFFFFFFF 0x00000300 False   [2, 3] []
   28 0x0000000E 0xFFFFFFFF 0x00000300 False   [2, 3] []
   29 0x00000020 0xFFFFFFFF 0x00000300 False   [2, 3] []
   30 0x00000028 0xFFFFFFFF 0x00000300 False   [2, 3] []
   31 0x0000000F 0xFFFFFFFF 0x00000300 False   [2, 3] []
   32 0x00000021 0xFFFFFFFF 0x00000300 False   [2, 3] []
   33 0x00000034 0xFFFFFFFF 0x00000300 False   [2, 3] []
   34 0x00000022 0xFFFFFFFF 0x00000300 False   [2, 3] []
   35 0x00000019 0xFFFFFFFF 0x00000300 False   [2, 3] []
   36 0x00000011 0xFFFFFFFF 0x00000300 False   [2, 3] []
   37 0x00000023 0xFFFFFFFF 0x00000300 False   [2, 3] []
   38 0x00000026 0xFFFFFFFF 0x00000300 False   [2, 3] []
   39 0x00000012 0xFFFFFFFF 0x00000300 False   [2, 3] []
   40 0x00000001 0xFFFFFFFF 0x00000080 False   [1] []
   41 0x00000024 0xFFFFFFFF 0x00000300 False   [2, 3] []
   42 0x0000000A 0xFFFFFFFF 0x00000300 False   [2, 3] []
   43 0x00000017 0xFFFFFFFF 0x00000300 False   [2, 3] []
   44 0x00000037 0xFFFFFFFF 0x00000300 False   [2, 3] []
   45 0x00000014 0xFFFFFFFF 0x00000300 False   [2, 3] []
   46 0x00000025 0xFFFFFFFF 0x00000300 False   [2, 3] []
   47 0x00000035 0xFFFFFFFF 0x00000300 False   [2, 3] []
   48 0x00000032 0xFFFFFFFF 0x00000300 False   [2, 3] []
   49 0x0000002E 0xFFFFFFFF 0x00000300 False   [2, 3] []
   50 0x0000000B 0xFFFFFFFF 0x00000300 False   [2, 3] []
   51 0x00000007 0xFFFFFFFF 0x00000300 False   [2, 3] []
   52 0x0000002C 0xFFFFFFFF 0x00000300 False   [2, 3] []
   53 0x00000029 0xFFFFFFFF 0x00000300 False   [2, 3] []
   54 0x00000002 0xFFFFFFFF 0x00000300 False   [2, 3] []
   55 0x00000039 0xFFFFFFFF 0x00000300 False   [2, 3] []
   56 0x00000009 0xFFFFFFFF 0x00000300 False   [2, 3] []
   57 0x00000003 0xFFFFFFFF 0x00000300 False   [2, 3] []
   58 0x00000016 0xFFFFFFFF 0x00000300 False   [2, 3] []
   59 0x00000004 0xFFFFFFFF 0x00000300 False   [2, 3] []
   60 0x0000003B 0xFFFFFFFF 0x00000300 False   [2, 3] []
   61 0x00000005 0xFFFFFFFF 0x00000300 False   [2, 3] []
0 Defaultable entries
