Router contains 17 entries
Index Key        Mask       Route      Default [Cores][Links]
----- ---------- ---------- ---------- ------- --------------
    0 0x00000025 0xFFFFFFFF 0x00000010 False   [] [SW]
    1 0x0000002A 0xFFFFFFFF 0x00000010 False   [] [SW]
    2 0x00000021 0xFFFFFFFF 0x00000010 False   [] [SW]
    3 0x00000026 0xFFFFFFFF 0x00000010 False   [] [SW]
    4 0x0000002B 0xFFFFFFFF 0x00000010 False   [] [SW]
    5 0x00000022 0xFFFFFFFF 0x00000010 False   [] [SW]
    6 0x00000027 0xFFFFFFFF 0x00000010 False   [] [SW]
    7 0x0000002C 0xFFFFFFFF 0x00000010 False   [] [SW]
    8 0x00000023 0xFFFFFFFF 0x00000010 False   [] [SW]
    9 0x00000028 0xFFFFFFFF 0x00000010 False   [] [SW]
   10 0x0000001F 0xFFFFFFFF 0x00000010 False   [] [SW]
   11 0x0000002D 0xFFFFFFFF 0x00000010 False   [] [SW]
   12 0x00000024 0xFFFFFFFF 0x00000010 False   [] [SW]
   13 0x00000040 0xFFFFFFFC 0x007FFF80 False   [1, 2, 3, 4, 5, 6, 7, 8, 9, 10, 11, 12, 13, 14, 15, 16] []
   14 0x00000029 0xFFFFFFFF 0x00000010 False   [] [SW]
   15 0x00000020 0xFFFFFFFF 0x00000010 False   [] [SW]
   16 0x0000002E 0xFFFFFFFF 0x00000010 False   [] [SW]
0 Defaultable entries
