        Placement Information by Vertex
        ===============================

Generated: Sun Sep 10 01:55:42 2017 for target machine '192.168.240.36'

**** Vertex: 'LiveSpikeReceiver'
Model: LivePacketGather
Pop size: 1
Machine Vertices: 
  Slice 0:0 (1 atoms) on core (0, 0, 1) 

**** Vertex: 'injector0'
Model: SpikeInjector
Pop size: 4
Machine Vertices: 
  Slice 0:3 (4 atoms) on core (0, 0, 4) 

**** Vertex: 'injector1'
Model: SpikeInjector
Pop size: 1
Machine Vertices: 
  Slice 0:0 (1 atoms) on core (0, 0, 5) 

**** Vertex: 'readout_neurons'
Model: IFCurrExp
Pop size: 59
Machine Vertices: 
  Slice 0:58 (59 atoms) on core (0, 0, 3) 

**** Vertex: 'readout_neurons'
Model: IFCurrExp
Pop size: 2
Machine Vertices: 
  Slice 0:1 (2 atoms) on core (0, 0, 2) 

